[0720/193640.371:INFO:CONSOLE:2] "VIDEOJS: WARN: videojs.mergeOptions is deprecated and will be removed in 9.0; please use videojs.obj.merge instead.", source: https://http2.mlstatic.com/frontend-assets/shorts-nordic-viewer/videojs.a23f701605564af23722.js (2)
[0720/193640.674:INFO:CONSOLE:0] "[.WebGL-0x43c03d53800]GL Driver Message (OpenGL, Performance, GL_CLOSE_PATH_NV, High): GPU stall due to ReadPixels", source: https://www.mercadolivre.com.br/mouse-sem-fio-logitech-m170-cor-azul-cinza/p/MLB21992510#polycard_client=recommendations_home_navigation-related-recommendations&reco_backend=recomm_platform_exp_com_org_rfa&wid=MLB3867249228&reco_client=home_navigation-related-recommendations&reco_item_pos=2&reco_backend_type=function&reco_id=65174bcf-167e-4a50-80b6-8f63988ec936&sid=recos&c_id=/home/navigation-related-recommendations/element&c_uid=51c4adba-5b94-4f1d-bc30-b46745f1d3c0 (0)
[0720/193640.804:INFO:CONSOLE:188] "[Meta Pixel] - You are sending a non-standard event 'VIP-CategoryPath'. The preferred way to send these events is using trackCustom. See 'https://developers.facebook.com/docs/ads-for-websites/pixel-events/#events' for more information.", source: https://connect.facebook.net/en_US/fbevents.js (188)
[0720/193643.386:INFO:CONSOLE:1] "[GTM-CHEQ] onCheqResponse called with: undefined 45078a8165bd55a3bf0469b5f39584a6", source:  (1)
[0720/193643.386:INFO:CONSOLE:1] "[GTM-CHEQ] threatGroup=  threatType=  → blocked? false", source:  (1)
[0720/193643.387:INFO:CONSOLE:2] "[GTM-CHEQ] No se cumplen criterios de bloqueo — no se envía nada.", source:  (2)
[0720/193643.391:ERROR:content\public\browser\web_contents_delegate.cc:310] WebContentsDelegate::CheckMediaAccessPermission: Not supported.
[0720/193643.391:ERROR:content\public\browser\web_contents_delegate.cc:310] WebContentsDelegate::CheckMediaAccessPermission: Not supported.
[0720/202414.280:INFO:CONSOLE:0] "[.WebGL-0x4fc001b7800]GL Driver Message (OpenGL, Performance, GL_CLOSE_PATH_NV, High): GPU stall due to ReadPixels", source: https://www.mercadolivre.com.br/prancha-chapinha-eleganza-plus-210c-gama-bivolt/p/MLB46140613 (0)
[0720/202416.251:INFO:CONSOLE:0] "[.WebGL-0x4fc05d9de00]GL Driver Message (OpenGL, Performance, GL_CLOSE_PATH_NV, High): GPU stall due to ReadPixels", source: https://www.mercadolivre.com.br/prancha-chapinha-eleganza-plus-210c-gama-bivolt/p/MLB46140613 (0)
[0720/202452.053:INFO:CONSOLE:87] "[GSI_LOGGER]: Your client application uses one of the Google One Tap prompt UI status methods that may stop functioning when FedCM becomes mandatory. Refer to the migration guide to update your code accordingly and opt-in to FedCM to test your changes. Learn more: https://developers.google.com/identity/gsi/web/guides/fedcm-migration?s=dc#display_moment and https://developers.google.com/identity/gsi/web/guides/fedcm-migration?s=dc#skipped_moment", source: https://accounts.google.com/gsi/client (87)
[0720/202452.175:INFO:CONSOLE:0] "[.WebGL-0xfd4052e8600]GL Driver Message (OpenGL, Performance, GL_CLOSE_PATH_NV, High): GPU stall due to ReadPixels (this message will no longer repeat)", source: https://www.mercadolivre.com.br/prancha-chapinha-eleganza-plus-210c-gama-bivolt/p/MLB46140613 (0)
[0720/202950.802:INFO:CONSOLE:87] "[GSI_LOGGER]: Your client application uses one of the Google One Tap prompt UI status methods that may stop functioning when FedCM becomes mandatory. Refer to the migration guide to update your code accordingly and opt-in to FedCM to test your changes. Learn more: https://developers.google.com/identity/gsi/web/guides/fedcm-migration?s=dc#display_moment and https://developers.google.com/identity/gsi/web/guides/fedcm-migration?s=dc#skipped_moment", source: https://accounts.google.com/gsi/client (87)
[0720/202950.909:INFO:CONSOLE:0] "Provider's accounts list is empty.", source: https://www.mercadolivre.com.br/mouse-sem-fio-logitech-m170-cor-azul-cinza/p/MLB21992510#polycard_client=recommendations_home_navigation-related-recommendations&reco_backend=recomm_platform_exp_com_org_rfa&wid=MLB3867249228&reco_client=home_navigation-related-recommendations&reco_item_pos=2&reco_backend_type=function&reco_id=65174bcf-167e-4a50-80b6-8f63988ec936&sid=recos&c_id=/home/navigation-related-recommendations/element&c_uid=51c4adba-5b94-4f1d-bc30-b46745f1d3c0 (0)
[0720/202951.070:INFO:CONSOLE:2] "VIDEOJS: WARN: videojs.mergeOptions is deprecated and will be removed in 9.0; please use videojs.obj.merge instead.", source: https://http2.mlstatic.com/frontend-assets/shorts-nordic-viewer/videojs.a23f701605564af23722.js (2)
[0720/203022.977:INFO:CONSOLE:88] "[GSI_LOGGER]: FedCM get() rejects with NetworkError: Error retrieving a token.", source: https://accounts.google.com/gsi/client (88)
[0720/203025.707:INFO:CONSOLE:87] "[GSI_LOGGER]: Your client application uses one of the Google One Tap prompt UI status methods that may stop functioning when FedCM becomes mandatory. Refer to the migration guide to update your code accordingly and opt-in to FedCM to test your changes. Learn more: https://developers.google.com/identity/gsi/web/guides/fedcm-migration?s=dc#display_moment and https://developers.google.com/identity/gsi/web/guides/fedcm-migration?s=dc#skipped_moment", source: https://accounts.google.com/gsi/client (87)
[0720/203025.708:INFO:CONSOLE:0] "Not signed in with the identity provider.", source: https://www.mercadolivre.com.br/mouse-sem-fio-logitech-m170-cor-azul-cinza/p/MLB21992510#polycard_client=recommendations_home_navigation-related-recommendations&reco_backend=recomm_platform_exp_com_org_rfa&wid=MLB3867249228&reco_client=home_navigation-related-recommendations&reco_item_pos=2&reco_backend_type=function&reco_id=65174bcf-167e-4a50-80b6-8f63988ec936&sid=recos&c_id=/home/navigation-related-recommendations/element&c_uid=51c4adba-5b94-4f1d-bc30-b46745f1d3c0 (0)
[0720/203025.977:INFO:CONSOLE:2] "VIDEOJS: WARN: videojs.mergeOptions is deprecated and will be removed in 9.0; please use videojs.obj.merge instead.", source: https://http2.mlstatic.com/frontend-assets/shorts-nordic-viewer/videojs.a23f701605564af23722.js (2)
[0720/203041.265:INFO:CONSOLE:88] "[GSI_LOGGER]: FedCM get() rejects with NetworkError: Error retrieving a token.", source: https://accounts.google.com/gsi/client (88)
[0720/205402.652:WARNING:content\browser\renderer_host\media\service_video_capture_provider.cc:85] Detected crash of video capture service
[0720/205417.692:ERROR:content\browser\gpu\gpu_process_host.cc:1005] GPU process exited unexpectedly: exit_code=-1073741510
[0720/205417.692:WARNING:content\browser\gpu\gpu_process_host.cc:1447] The GPU process has crashed 1 time(s)
[0720/205417.766:WARNING:content\browser\gpu\gpu_process_host.cc:1027] Reinitialized the GPU process after a crash. The reported initialization time was 56 ms
[0720/205422.700:ERROR:content\browser\network_service_instance_impl.cc:722] Network service crashed or was terminated, restarting service.
